# JRE version: OpenJDK Runtime Environment (11.0.12+7) (build 11.0.12+7-b1504.28-7817840)
# Java VM: OpenJDK 64-Bit Server VM (11.0.12+7-b1504.28-7817840, mixed mode, tiered, compressed oops, g1 gc, windows-amd64)
Heap:
 garbage-first heap   total 287744K, used 152594K [0x00000006e0000000, 0x0000000800000000)
  region size 1024K, 21 young (21504K), 8 survivors (8192K)
 Metaspace       used 117620K, capacity 121102K, committed 121420K, reserved 1155072K
  class space    used 15141K, capacity 16477K, committed 16716K, reserved 1048576K
GC Heap History (20 events):
Event: 26.220 GC heap before
{Heap before GC invocations=29 (full 0):
 garbage-first heap   total 199680K, used 149696K [0x00000006e0000000, 0x0000000800000000)
  region size 1024K, 65 young (66560K), 7 survivors (7168K)
 Metaspace       used 96313K, capacity 98613K, committed 99148K, reserved 1134592K
  class space    used 12331K, capacity 13189K, committed 13388K, reserved 1048576K
}
Event: 26.229 GC heap after
{Heap after GC invocations=30 (full 0):
 garbage-first heap   total 199680K, used 93089K [0x00000006e0000000, 0x0000000800000000)
  region size 1024K, 6 young (6144K), 6 survivors (6144K)
 Metaspace       used 96313K, capacity 98613K, committed 99148K, reserved 1134592K
  class space    used 12331K, capacity 13189K, committed 13388K, reserved 1048576K
}
Event: 27.349 GC heap before
{Heap before GC invocations=30 (full 0):
 garbage-first heap   total 199680K, used 152481K [0x00000006e0000000, 0x0000000800000000)
  region size 1024K, 65 young (66560K), 6 survivors (6144K)
 Metaspace       used 97531K, capacity 99771K, committed 99916K, reserved 1136640K
  class space    used 12447K, capacity 13313K, committed 13388K, reserved 1048576K
}
Event: 27.362 GC heap after
{Heap after GC invocations=31 (full 0):
 garbage-first heap   total 199680K, used 97175K [0x00000006e0000000, 0x0000000800000000)
  region size 1024K, 7 young (7168K), 7 survivors (7168K)
 Metaspace       used 97531K, capacity 99771K, committed 99916K, reserved 1136640K
  class space    used 12447K, capacity 13313K, committed 13388K, reserved 1048576K
}
Event: 27.774 GC heap before
{Heap before GC invocations=31 (full 0):
 garbage-first heap   total 199680K, used 156567K [0x00000006e0000000, 0x0000000800000000)
  region size 1024K, 66 young (67584K), 7 survivors (7168K)
 Metaspace       used 97551K, capacity 99902K, committed 100172K, reserved 1136640K
  class space    used 12447K, capacity 13313K, committed 13388K, reserved 1048576K
}
Event: 27.791 GC heap after
{Heap after GC invocations=32 (full 0):
 garbage-first heap   total 199680K, used 99784K [0x00000006e0000000, 0x0000000800000000)
  region size 1024K, 7 young (7168K), 7 survivors (7168K)
 Metaspace       used 97551K, capacity 99902K, committed 100172K, reserved 1136640K
  class space    used 12447K, capacity 13313K, committed 13388K, reserved 1048576K
}
Event: 28.882 GC heap before
{Heap before GC invocations=33 (full 0):
 garbage-first heap   total 199680K, used 159176K [0x00000006e0000000, 0x0000000800000000)
  region size 1024K, 66 young (67584K), 7 survivors (7168K)
 Metaspace       used 98003K, capacity 100332K, committed 100556K, reserved 1136640K
  class space    used 12491K, capacity 13365K, committed 13516K, reserved 1048576K
}
Event: 28.896 GC heap after
{Heap after GC invocations=34 (full 0):
 garbage-first heap   total 199680K, used 103191K [0x00000006e0000000, 0x0000000800000000)
  region size 1024K, 6 young (6144K), 6 survivors (6144K)
 Metaspace       used 98003K, capacity 100332K, committed 100556K, reserved 1136640K
  class space    used 12491K, capacity 13365K, committed 13516K, reserved 1048576K
}
Event: 29.822 GC heap before
{Heap before GC invocations=34 (full 0):
 garbage-first heap   total 199680K, used 161559K [0x00000006e0000000, 0x0000000800000000)
  region size 1024K, 64 young (65536K), 6 survivors (6144K)
 Metaspace       used 104351K, capacity 107176K, committed 107468K, reserved 1142784K
  class space    used 13427K, capacity 14463K, committed 14540K, reserved 1048576K
}
Event: 29.847 GC heap after
{Heap after GC invocations=35 (full 0):
 garbage-first heap   total 239616K, used 110022K [0x00000006e0000000, 0x0000000800000000)
  region size 1024K, 8 young (8192K), 8 survivors (8192K)
 Metaspace       used 104351K, capacity 107176K, committed 107468K, reserved 1142784K
  class space    used 13427K, capacity 14463K, committed 14540K, reserved 1048576K
}
Event: 31.079 GC heap before
{Heap before GC invocations=36 (full 0):
 garbage-first heap   total 239616K, used 181702K [0x00000006e0000000, 0x0000000800000000)
  region size 1024K, 79 young (80896K), 8 survivors (8192K)
 Metaspace       used 111246K, capacity 114769K, committed 115020K, reserved 1148928K
  class space    used 14551K, capacity 15893K, committed 15948K, reserved 1048576K
}
Event: 31.094 GC heap after
{Heap after GC invocations=37 (full 0):
 garbage-first heap   total 239616K, used 113953K [0x00000006e0000000, 0x0000000800000000)
  region size 1024K, 5 young (5120K), 5 survivors (5120K)
 Metaspace       used 111246K, capacity 114769K, committed 115020K, reserved 1148928K
  class space    used 14551K, capacity 15893K, committed 15948K, reserved 1048576K
}
Event: 31.694 GC heap before
{Heap before GC invocations=37 (full 0):
 garbage-first heap   total 239616K, used 185633K [0x00000006e0000000, 0x0000000800000000)
  region size 1024K, 76 young (77824K), 5 survivors (5120K)
 Metaspace       used 112306K, capacity 115935K, committed 116172K, reserved 1148928K
  class space    used 14657K, capacity 16036K, committed 16076K, reserved 1048576K
}
Event: 31.704 GC heap after
{Heap after GC invocations=38 (full 0):
 garbage-first heap   total 239616K, used 114462K [0x00000006e0000000, 0x0000000800000000)
  region size 1024K, 5 young (5120K), 5 survivors (5120K)
 Metaspace       used 112306K, capacity 115935K, committed 116172K, reserved 1148928K
  class space    used 14657K, capacity 16036K, committed 16076K, reserved 1048576K
}
Event: 32.503 GC heap before
{Heap before GC invocations=39 (full 0):
 garbage-first heap   total 239616K, used 188190K [0x00000006e0000000, 0x0000000800000000)
  region size 1024K, 78 young (79872K), 5 survivors (5120K)
 Metaspace       used 112021K, capacity 115273K, committed 116172K, reserved 1148928K
  class space    used 14501K, capacity 15728K, committed 16076K, reserved 1048576K
}
Event: 32.514 GC heap after
{Heap after GC invocations=40 (full 0):
 garbage-first heap   total 239616K, used 115346K [0x00000006e0000000, 0x0000000800000000)
  region size 1024K, 6 young (6144K), 6 survivors (6144K)
 Metaspace       used 112021K, capacity 115273K, committed 116172K, reserved 1148928K
  class space    used 14501K, capacity 15728K, committed 16076K, reserved 1048576K
}
Event: 35.177 GC heap before
{Heap before GC invocations=40 (full 0):
 garbage-first heap   total 239616K, used 192146K [0x00000006e0000000, 0x0000000800000000)
  region size 1024K, 82 young (83968K), 6 survivors (6144K)
 Metaspace       used 112463K, capacity 115681K, committed 116684K, reserved 1150976K
  class space    used 14514K, capacity 15739K, committed 16076K, reserved 1048576K
}
Event: 35.187 GC heap after
{Heap after GC invocations=41 (full 0):
 garbage-first heap   total 287744K, used 114505K [0x00000006e0000000, 0x0000000800000000)
  region size 1024K, 5 young (5120K), 5 survivors (5120K)
 Metaspace       used 112463K, capacity 115681K, committed 116684K, reserved 1150976K
  class space    used 14514K, capacity 15739K, committed 16076K, reserved 1048576K
}
Event: 37.039 GC heap before
{Heap before GC invocations=42 (full 0):
 garbage-first heap   total 287744K, used 192329K [0x00000006e0000000, 0x0000000800000000)
  region size 1024K, 65 young (66560K), 5 survivors (5120K)
 Metaspace       used 115920K, capacity 119415K, committed 120012K, reserved 1153024K
  class space    used 14948K, capacity 16277K, committed 16588K, reserved 1048576K
}
Event: 37.056 GC heap after
{Heap after GC invocations=43 (full 0):
 garbage-first heap   total 287744K, used 136210K [0x00000006e0000000, 0x0000000800000000)
  region size 1024K, 8 young (8192K), 8 survivors (8192K)
 Metaspace       used 115920K, capacity 119415K, committed 120012K, reserved 1153024K
  class space    used 14948K, capacity 16277K, committed 16588K, reserved 1048576K
}

