# JRE version: OpenJDK Runtime Environment (11.0.12+7) (build 11.0.12+7-b1504.28-7817840)
# Java VM: OpenJDK 64-Bit Server VM (11.0.12+7-b1504.28-7817840, mixed mode, tiered, compressed oops, g1 gc, windows-amd64)
Heap:
 garbage-first heap   total 301056K, used 187465K [0x00000006e0000000, 0x0000000800000000)
  region size 1024K, 13 young (13312K), 3 survivors (3072K)
 Metaspace       used 151923K, capacity 156962K, committed 157312K, reserved 1185792K
  class space    used 18860K, capacity 20719K, committed 20864K, reserved 1048576K
GC Heap History (20 events):
Event: 4468.120 GC heap before
{Heap before GC invocations=183 (full 0):
 garbage-first heap   total 208896K, used 179991K [0x00000006e0000000, 0x0000000800000000)
  region size 1024K, 18 young (18432K), 3 survivors (3072K)
 Metaspace       used 146863K, capacity 151927K, committed 152064K, reserved 1181696K
  class space    used 18271K, capacity 20134K, committed 20224K, reserved 1048576K
}
Event: 4468.130 GC heap after
{Heap after GC invocations=184 (full 0):
 garbage-first heap   total 208896K, used 167503K [0x00000006e0000000, 0x0000000800000000)
  region size 1024K, 2 young (2048K), 2 survivors (2048K)
 Metaspace       used 146863K, capacity 151927K, committed 152064K, reserved 1181696K
  class space    used 18271K, capacity 20134K, committed 20224K, reserved 1048576K
}
Event: 4468.361 GC heap before
{Heap before GC invocations=184 (full 0):
 garbage-first heap   total 208896K, used 181839K [0x00000006e0000000, 0x0000000800000000)
  region size 1024K, 16 young (16384K), 2 survivors (2048K)
 Metaspace       used 147730K, capacity 152855K, committed 152960K, reserved 1181696K
  class space    used 18408K, capacity 20294K, committed 20352K, reserved 1048576K
}
Event: 4468.370 GC heap after
{Heap after GC invocations=185 (full 0):
 garbage-first heap   total 208896K, used 168577K [0x00000006e0000000, 0x0000000800000000)
  region size 1024K, 2 young (2048K), 2 survivors (2048K)
 Metaspace       used 147730K, capacity 152855K, committed 152960K, reserved 1181696K
  class space    used 18408K, capacity 20294K, committed 20352K, reserved 1048576K
}
Event: 4469.179 GC heap before
{Heap before GC invocations=186 (full 0):
 garbage-first heap   total 208896K, used 180865K [0x00000006e0000000, 0x0000000800000000)
  region size 1024K, 15 young (15360K), 2 survivors (2048K)
 Metaspace       used 150743K, capacity 155839K, committed 156160K, reserved 1185792K
  class space    used 18788K, capacity 20669K, committed 20736K, reserved 1048576K
}
Event: 4469.184 GC heap after
{Heap after GC invocations=187 (full 0):
 garbage-first heap   total 208896K, used 169452K [0x00000006e0000000, 0x0000000800000000)
  region size 1024K, 2 young (2048K), 2 survivors (2048K)
 Metaspace       used 150743K, capacity 155839K, committed 156160K, reserved 1185792K
  class space    used 18788K, capacity 20669K, committed 20736K, reserved 1048576K
}
Event: 4469.763 GC heap before
{Heap before GC invocations=187 (full 0):
 garbage-first heap   total 208896K, used 182764K [0x00000006e0000000, 0x0000000800000000)
  region size 1024K, 15 young (15360K), 2 survivors (2048K)
 Metaspace       used 150889K, capacity 155977K, committed 156160K, reserved 1185792K
  class space    used 18803K, capacity 20672K, committed 20736K, reserved 1048576K
}
Event: 4469.775 GC heap after
{Heap after GC invocations=188 (full 0):
 garbage-first heap   total 208896K, used 171181K [0x00000006e0000000, 0x0000000800000000)
  region size 1024K, 2 young (2048K), 2 survivors (2048K)
 Metaspace       used 150889K, capacity 155977K, committed 156160K, reserved 1185792K
  class space    used 18803K, capacity 20672K, committed 20736K, reserved 1048576K
}
Event: 4470.946 GC heap before
{Heap before GC invocations=189 (full 0):
 garbage-first heap   total 208896K, used 182445K [0x00000006e0000000, 0x0000000800000000)
  region size 1024K, 13 young (13312K), 2 survivors (2048K)
 Metaspace       used 151221K, capacity 156361K, committed 156672K, reserved 1185792K
  class space    used 18821K, capacity 20694K, committed 20736K, reserved 1048576K
}
Event: 4470.956 GC heap after
{Heap after GC invocations=190 (full 0):
 garbage-first heap   total 250880K, used 173067K [0x00000006e0000000, 0x0000000800000000)
  region size 1024K, 2 young (2048K), 2 survivors (2048K)
 Metaspace       used 151221K, capacity 156361K, committed 156672K, reserved 1185792K
  class space    used 18821K, capacity 20694K, committed 20736K, reserved 1048576K
}
Event: 4472.079 GC heap before
{Heap before GC invocations=190 (full 0):
 garbage-first heap   total 250880K, used 183307K [0x00000006e0000000, 0x0000000800000000)
  region size 1024K, 12 young (12288K), 2 survivors (2048K)
 Metaspace       used 151294K, capacity 156362K, committed 156672K, reserved 1185792K
  class space    used 18822K, capacity 20694K, committed 20736K, reserved 1048576K
}
Event: 4472.086 GC heap after
{Heap after GC invocations=191 (full 0):
 garbage-first heap   total 250880K, used 173720K [0x00000006e0000000, 0x0000000800000000)
  region size 1024K, 2 young (2048K), 2 survivors (2048K)
 Metaspace       used 151294K, capacity 156362K, committed 156672K, reserved 1185792K
  class space    used 18822K, capacity 20694K, committed 20736K, reserved 1048576K
}
Event: 4473.056 GC heap before
{Heap before GC invocations=191 (full 0):
 garbage-first heap   total 250880K, used 197272K [0x00000006e0000000, 0x0000000800000000)
  region size 1024K, 25 young (25600K), 2 survivors (2048K)
 Metaspace       used 151390K, capacity 156506K, committed 156672K, reserved 1185792K
  class space    used 18828K, capacity 20697K, committed 20736K, reserved 1048576K
}
Event: 4473.067 GC heap after
{Heap after GC invocations=192 (full 0):
 garbage-first heap   total 250880K, used 175935K [0x00000006e0000000, 0x0000000800000000)
  region size 1024K, 4 young (4096K), 4 survivors (4096K)
 Metaspace       used 151390K, capacity 156506K, committed 156672K, reserved 1185792K
  class space    used 18828K, capacity 20697K, committed 20736K, reserved 1048576K
}
Event: 4473.614 GC heap before
{Heap before GC invocations=193 (full 0):
 garbage-first heap   total 250880K, used 199487K [0x00000006e0000000, 0x0000000800000000)
  region size 1024K, 28 young (28672K), 4 survivors (4096K)
 Metaspace       used 151695K, capacity 156785K, committed 156928K, reserved 1185792K
  class space    used 18848K, capacity 20705K, committed 20736K, reserved 1048576K
}
Event: 4473.620 GC heap after
{Heap after GC invocations=194 (full 0):
 garbage-first heap   total 250880K, used 177161K [0x00000006e0000000, 0x0000000800000000)
  region size 1024K, 2 young (2048K), 2 survivors (2048K)
 Metaspace       used 151695K, capacity 156785K, committed 156928K, reserved 1185792K
  class space    used 18848K, capacity 20705K, committed 20736K, reserved 1048576K
}
Event: 4474.161 GC heap before
{Heap before GC invocations=194 (full 0):
 garbage-first heap   total 250880K, used 186377K [0x00000006e0000000, 0x0000000800000000)
  region size 1024K, 12 young (12288K), 2 survivors (2048K)
 Metaspace       used 151716K, capacity 156850K, committed 156928K, reserved 1185792K
  class space    used 18850K, capacity 20705K, committed 20736K, reserved 1048576K
}
Event: 4474.169 GC heap after
{Heap after GC invocations=195 (full 0):
 garbage-first heap   total 250880K, used 177033K [0x00000006e0000000, 0x0000000800000000)
  region size 1024K, 2 young (2048K), 2 survivors (2048K)
 Metaspace       used 151716K, capacity 156850K, committed 156928K, reserved 1185792K
  class space    used 18850K, capacity 20705K, committed 20736K, reserved 1048576K
}
Event: 4476.546 GC heap before
{Heap before GC invocations=195 (full 0):
 garbage-first heap   total 250880K, used 201609K [0x00000006e0000000, 0x0000000800000000)
  region size 1024K, 27 young (27648K), 2 survivors (2048K)
 Metaspace       used 151997K, capacity 157112K, committed 157312K, reserved 1185792K
  class space    used 18884K, capacity 20770K, committed 20864K, reserved 1048576K
}
Event: 4476.554 GC heap after
{Heap after GC invocations=196 (full 0):
 garbage-first heap   total 301056K, used 178249K [0x00000006e0000000, 0x0000000800000000)
  region size 1024K, 3 young (3072K), 3 survivors (3072K)
 Metaspace       used 151997K, capacity 157112K, committed 157312K, reserved 1185792K
  class space    used 18884K, capacity 20770K, committed 20864K, reserved 1048576K
}

