# JRE version: OpenJDK Runtime Environment (11.0.12+7) (build 11.0.12+7-b1504.28-7817840)
# Java VM: OpenJDK 64-Bit Server VM (11.0.12+7-b1504.28-7817840, mixed mode, tiered, compressed oops, g1 gc, windows-amd64)
Heap:
 garbage-first heap   total 287744K, used 186606K [0x00000006e0000000, 0x0000000800000000)
  region size 1024K, 12 young (12288K), 4 survivors (4096K)
 Metaspace       used 136405K, capacity 140868K, committed 141056K, reserved 1171456K
  class space    used 17422K, capacity 19108K, committed 19200K, reserved 1048576K
GC Heap History (20 events):
Event: 76.430 GC heap before
{Heap before GC invocations=82 (full 0):
 garbage-first heap   total 199680K, used 166295K [0x00000006e0000000, 0x0000000800000000)
  region size 1024K, 23 young (23552K), 4 survivors (4096K)
 Metaspace       used 113745K, capacity 116759K, committed 119424K, reserved 1153024K
  class space    used 14336K, capacity 15437K, committed 15744K, reserved 1048576K
}
Event: 76.438 GC heap after
{Heap after GC invocations=83 (full 0):
 garbage-first heap   total 239616K, used 152738K [0x00000006e0000000, 0x0000000800000000)
  region size 1024K, 3 young (3072K), 3 survivors (3072K)
 Metaspace       used 113745K, capacity 116759K, committed 119424K, reserved 1153024K
  class space    used 14336K, capacity 15437K, committed 15744K, reserved 1048576K
}
Event: 77.488 GC heap before
{Heap before GC invocations=83 (full 0):
 garbage-first heap   total 239616K, used 183458K [0x00000006e0000000, 0x0000000800000000)
  region size 1024K, 33 young (33792K), 3 survivors (3072K)
 Metaspace       used 118347K, capacity 121483K, committed 121728K, reserved 1155072K
  class space    used 14810K, capacity 15947K, committed 16000K, reserved 1048576K
}
Event: 77.494 GC heap after
{Heap after GC invocations=84 (full 0):
 garbage-first heap   total 239616K, used 154629K [0x00000006e0000000, 0x0000000800000000)
  region size 1024K, 2 young (2048K), 2 survivors (2048K)
 Metaspace       used 118347K, capacity 121483K, committed 121728K, reserved 1155072K
  class space    used 14810K, capacity 15947K, committed 16000K, reserved 1048576K
}
Event: 78.506 GC heap before
{Heap before GC invocations=84 (full 0):
 garbage-first heap   total 239616K, used 186373K [0x00000006e0000000, 0x0000000800000000)
  region size 1024K, 33 young (33792K), 2 survivors (2048K)
 Metaspace       used 122225K, capacity 125535K, committed 125696K, reserved 1159168K
  class space    used 15307K, capacity 16532K, committed 16640K, reserved 1048576K
}
Event: 78.511 GC heap after
{Heap after GC invocations=85 (full 0):
 garbage-first heap   total 239616K, used 156344K [0x00000006e0000000, 0x0000000800000000)
  region size 1024K, 4 young (4096K), 4 survivors (4096K)
 Metaspace       used 122225K, capacity 125535K, committed 125696K, reserved 1159168K
  class space    used 15307K, capacity 16532K, committed 16640K, reserved 1048576K
}
Event: 79.221 GC heap before
{Heap before GC invocations=85 (full 0):
 garbage-first heap   total 239616K, used 189112K [0x00000006e0000000, 0x0000000800000000)
  region size 1024K, 36 young (36864K), 4 survivors (4096K)
 Metaspace       used 123524K, capacity 127066K, committed 127232K, reserved 1159168K
  class space    used 15503K, capacity 16787K, committed 16896K, reserved 1048576K
}
Event: 79.230 GC heap after
{Heap after GC invocations=86 (full 0):
 garbage-first heap   total 239616K, used 159498K [0x00000006e0000000, 0x0000000800000000)
  region size 1024K, 5 young (5120K), 5 survivors (5120K)
 Metaspace       used 123524K, capacity 127066K, committed 127232K, reserved 1159168K
  class space    used 15503K, capacity 16787K, committed 16896K, reserved 1048576K
}
Event: 80.103 GC heap before
{Heap before GC invocations=86 (full 0):
 garbage-first heap   total 239616K, used 193290K [0x00000006e0000000, 0x0000000800000000)
  region size 1024K, 38 young (38912K), 5 survivors (5120K)
 Metaspace       used 126145K, capacity 129933K, committed 130048K, reserved 1161216K
  class space    used 15938K, capacity 17339K, committed 17408K, reserved 1048576K
}
Event: 80.115 GC heap after
{Heap after GC invocations=87 (full 0):
 garbage-first heap   total 239616K, used 162138K [0x00000006e0000000, 0x0000000800000000)
  region size 1024K, 3 young (3072K), 3 survivors (3072K)
 Metaspace       used 126145K, capacity 129933K, committed 130048K, reserved 1161216K
  class space    used 15938K, capacity 17339K, committed 17408K, reserved 1048576K
}
Event: 81.482 GC heap before
{Heap before GC invocations=87 (full 0):
 garbage-first heap   total 239616K, used 194906K [0x00000006e0000000, 0x0000000800000000)
  region size 1024K, 36 young (36864K), 3 survivors (3072K)
 Metaspace       used 126929K, capacity 130759K, committed 130816K, reserved 1163264K
  class space    used 15987K, capacity 17397K, committed 17408K, reserved 1048576K
}
Event: 81.489 GC heap after
{Heap after GC invocations=88 (full 0):
 garbage-first heap   total 239616K, used 163956K [0x00000006e0000000, 0x0000000800000000)
  region size 1024K, 5 young (5120K), 5 survivors (5120K)
 Metaspace       used 126929K, capacity 130759K, committed 130816K, reserved 1163264K
  class space    used 15987K, capacity 17397K, committed 17408K, reserved 1048576K
}
Event: 82.606 GC heap before
{Heap before GC invocations=88 (full 0):
 garbage-first heap   total 239616K, used 198772K [0x00000006e0000000, 0x0000000800000000)
  region size 1024K, 38 young (38912K), 5 survivors (5120K)
 Metaspace       used 127453K, capacity 131217K, committed 131456K, reserved 1163264K
  class space    used 16034K, capacity 17436K, committed 17536K, reserved 1048576K
}
Event: 82.614 GC heap after
{Heap after GC invocations=89 (full 0):
 garbage-first heap   total 239616K, used 169540K [0x00000006e0000000, 0x0000000800000000)
  region size 1024K, 5 young (5120K), 5 survivors (5120K)
 Metaspace       used 127453K, capacity 131217K, committed 131456K, reserved 1163264K
  class space    used 16034K, capacity 17436K, committed 17536K, reserved 1048576K
}
Event: 84.398 GC heap before
{Heap before GC invocations=89 (full 0):
 garbage-first heap   total 239616K, used 200260K [0x00000006e0000000, 0x0000000800000000)
  region size 1024K, 35 young (35840K), 5 survivors (5120K)
 Metaspace       used 128659K, capacity 132515K, committed 132608K, reserved 1165312K
  class space    used 16204K, capacity 17605K, committed 17664K, reserved 1048576K
}
Event: 84.406 GC heap after
{Heap after GC invocations=90 (full 0):
 garbage-first heap   total 239616K, used 171783K [0x00000006e0000000, 0x0000000800000000)
  region size 1024K, 2 young (2048K), 2 survivors (2048K)
 Metaspace       used 128659K, capacity 132515K, committed 132608K, reserved 1165312K
  class space    used 16204K, capacity 17605K, committed 17664K, reserved 1048576K
}
Event: 85.687 GC heap before
{Heap before GC invocations=90 (full 0):
 garbage-first heap   total 239616K, used 201479K [0x00000006e0000000, 0x0000000800000000)
  region size 1024K, 32 young (32768K), 2 survivors (2048K)
 Metaspace       used 132188K, capacity 136184K, committed 136448K, reserved 1167360K
  class space    used 16662K, capacity 18126K, committed 18176K, reserved 1048576K
}
Event: 85.701 GC heap after
{Heap after GC invocations=91 (full 0):
 garbage-first heap   total 239616K, used 175570K [0x00000006e0000000, 0x0000000800000000)
  region size 1024K, 4 young (4096K), 4 survivors (4096K)
 Metaspace       used 132188K, capacity 136184K, committed 136448K, reserved 1167360K
  class space    used 16662K, capacity 18126K, committed 18176K, reserved 1048576K
}
Event: 86.226 GC heap before
{Heap before GC invocations=91 (full 0):
 garbage-first heap   total 239616K, used 203218K [0x00000006e0000000, 0x0000000800000000)
  region size 1024K, 32 young (32768K), 4 survivors (4096K)
 Metaspace       used 134933K, capacity 139268K, committed 139392K, reserved 1169408K
  class space    used 17117K, capacity 18756K, committed 18816K, reserved 1048576K
}
Event: 86.240 GC heap after
{Heap after GC invocations=92 (full 0):
 garbage-first heap   total 287744K, used 179438K [0x00000006e0000000, 0x0000000800000000)
  region size 1024K, 4 young (4096K), 4 survivors (4096K)
 Metaspace       used 134933K, capacity 139268K, committed 139392K, reserved 1169408K
  class space    used 17117K, capacity 18756K, committed 18816K, reserved 1048576K
}

