# JRE version: OpenJDK Runtime Environment (11.0.12+7) (build 11.0.12+7-b1504.28-7817840)
# Java VM: OpenJDK 64-Bit Server VM (11.0.12+7-b1504.28-7817840, mixed mode, tiered, compressed oops, g1 gc, windows-amd64)
Heap:
 garbage-first heap   total 202752K, used 92097K [0x0000000091000000, 0x0000000100000000)
  region size 1024K, 12 young (12288K), 7 survivors (7168K)
 Metaspace       used 80372K, capacity 81430K, committed 81740K, reserved 1122304K
  class space    used 8569K, capacity 8984K, committed 9088K, reserved 1048576K
GC Heap History (20 events):
Event: 3.344 GC heap before
{Heap before GC invocations=4 (full 0):
 garbage-first heap   total 114688K, used 43755K [0x0000000091000000, 0x0000000100000000)
  region size 1024K, 27 young (27648K), 6 survivors (6144K)
 Metaspace       used 35290K, capacity 35744K, committed 35840K, reserved 1081344K
  class space    used 4359K, capacity 4572K, committed 4608K, reserved 1048576K
}
Event: 3.360 GC heap after
{Heap after GC invocations=5 (full 0):
 garbage-first heap   total 114688K, used 26943K [0x0000000091000000, 0x0000000100000000)
  region size 1024K, 4 young (4096K), 4 survivors (4096K)
 Metaspace       used 35290K, capacity 35744K, committed 35840K, reserved 1081344K
  class space    used 4359K, capacity 4572K, committed 4608K, reserved 1048576K
}
Event: 4.202 GC heap before
{Heap before GC invocations=6 (full 0):
 garbage-first heap   total 114688K, used 70975K [0x0000000091000000, 0x0000000100000000)
  region size 1024K, 47 young (48128K), 4 survivors (4096K)
 Metaspace       used 42885K, capacity 43343K, committed 43520K, reserved 1087488K
  class space    used 5102K, capacity 5289K, committed 5376K, reserved 1048576K
}
Event: 4.215 GC heap after
{Heap after GC invocations=7 (full 0):
 garbage-first heap   total 140288K, used 29925K [0x0000000091000000, 0x0000000100000000)
  region size 1024K, 5 young (5120K), 5 survivors (5120K)
 Metaspace       used 42885K, capacity 43343K, committed 43520K, reserved 1087488K
  class space    used 5102K, capacity 5289K, committed 5376K, reserved 1048576K
}
Event: 5.111 GC heap before
{Heap before GC invocations=7 (full 0):
 garbage-first heap   total 140288K, used 86245K [0x0000000091000000, 0x0000000100000000)
  region size 1024K, 57 young (58368K), 5 survivors (5120K)
 Metaspace       used 49152K, capacity 49708K, committed 49920K, reserved 1093632K
  class space    used 5776K, capacity 6024K, committed 6144K, reserved 1048576K
}
Event: 5.124 GC heap after
{Heap after GC invocations=8 (full 0):
 garbage-first heap   total 140288K, used 36074K [0x0000000091000000, 0x0000000100000000)
  region size 1024K, 5 young (5120K), 5 survivors (5120K)
 Metaspace       used 49152K, capacity 49708K, committed 49920K, reserved 1093632K
  class space    used 5776K, capacity 6024K, committed 6144K, reserved 1048576K
}
Event: 5.922 GC heap before
{Heap before GC invocations=8 (full 0):
 garbage-first heap   total 140288K, used 91370K [0x0000000091000000, 0x0000000100000000)
  region size 1024K, 59 young (60416K), 5 survivors (5120K)
 Metaspace       used 52747K, capacity 53331K, committed 53504K, reserved 1095680K
  class space    used 6101K, capacity 6367K, committed 6400K, reserved 1048576K
}
Event: 5.941 GC heap after
{Heap after GC invocations=9 (full 0):
 garbage-first heap   total 140288K, used 44309K [0x0000000091000000, 0x0000000100000000)
  region size 1024K, 8 young (8192K), 8 survivors (8192K)
 Metaspace       used 52747K, capacity 53331K, committed 53504K, reserved 1095680K
  class space    used 6101K, capacity 6367K, committed 6400K, reserved 1048576K
}
Event: 7.495 GC heap before
{Heap before GC invocations=9 (full 0):
 garbage-first heap   total 140288K, used 98581K [0x0000000091000000, 0x0000000100000000)
  region size 1024K, 61 young (62464K), 8 survivors (8192K)
 Metaspace       used 56426K, capacity 57056K, committed 57088K, reserved 1099776K
  class space    used 6365K, capacity 6627K, committed 6656K, reserved 1048576K
}
Event: 7.518 GC heap after
{Heap after GC invocations=10 (full 0):
 garbage-first heap   total 140288K, used 52780K [0x0000000091000000, 0x0000000100000000)
  region size 1024K, 8 young (8192K), 8 survivors (8192K)
 Metaspace       used 56426K, capacity 57056K, committed 57088K, reserved 1099776K
  class space    used 6365K, capacity 6627K, committed 6656K, reserved 1048576K
}
Event: 8.713 GC heap before
{Heap before GC invocations=10 (full 0):
 garbage-first heap   total 140288K, used 95788K [0x0000000091000000, 0x0000000100000000)
  region size 1024K, 51 young (52224K), 8 survivors (8192K)
 Metaspace       used 59465K, capacity 60114K, committed 60160K, reserved 1101824K
  class space    used 6667K, capacity 6912K, committed 6912K, reserved 1048576K
}
Event: 8.741 GC heap after
{Heap after GC invocations=11 (full 0):
 garbage-first heap   total 168960K, used 59380K [0x0000000091000000, 0x0000000100000000)
  region size 1024K, 6 young (6144K), 6 survivors (6144K)
 Metaspace       used 59465K, capacity 60114K, committed 60160K, reserved 1101824K
  class space    used 6667K, capacity 6912K, committed 6912K, reserved 1048576K
}
Event: 11.009 GC heap before
{Heap before GC invocations=12 (full 0):
 garbage-first heap   total 168960K, used 114676K [0x0000000091000000, 0x0000000100000000)
  region size 1024K, 60 young (61440K), 6 survivors (6144K)
 Metaspace       used 62370K, capacity 63145K, committed 63436K, reserved 1105920K
  class space    used 6816K, capacity 7082K, committed 7168K, reserved 1048576K
}
Event: 11.027 GC heap after
{Heap after GC invocations=13 (full 0):
 garbage-first heap   total 168960K, used 65312K [0x0000000091000000, 0x0000000100000000)
  region size 1024K, 6 young (6144K), 6 survivors (6144K)
 Metaspace       used 62370K, capacity 63145K, committed 63436K, reserved 1105920K
  class space    used 6816K, capacity 7082K, committed 7168K, reserved 1048576K
}
Event: 12.717 GC heap before
{Heap before GC invocations=13 (full 0):
 garbage-first heap   total 168960K, used 120608K [0x0000000091000000, 0x0000000100000000)
  region size 1024K, 60 young (61440K), 6 survivors (6144K)
 Metaspace       used 69119K, capacity 69931K, committed 70220K, reserved 1112064K
  class space    used 7442K, capacity 7751K, committed 7808K, reserved 1048576K
}
Event: 12.736 GC heap after
{Heap after GC invocations=14 (full 0):
 garbage-first heap   total 168960K, used 69764K [0x0000000091000000, 0x0000000100000000)
  region size 1024K, 5 young (5120K), 5 survivors (5120K)
 Metaspace       used 69119K, capacity 69931K, committed 70220K, reserved 1112064K
  class space    used 7442K, capacity 7751K, committed 7808K, reserved 1048576K
}
Event: 14.260 GC heap before
{Heap before GC invocations=14 (full 0):
 garbage-first heap   total 168960K, used 125060K [0x0000000091000000, 0x0000000100000000)
  region size 1024K, 59 young (60416K), 5 survivors (5120K)
 Metaspace       used 75254K, capacity 76065K, committed 76236K, reserved 1118208K
  class space    used 8055K, capacity 8405K, committed 8448K, reserved 1048576K
}
Event: 14.283 GC heap after
{Heap after GC invocations=15 (full 0):
 garbage-first heap   total 168960K, used 80223K [0x0000000091000000, 0x0000000100000000)
  region size 1024K, 8 young (8192K), 8 survivors (8192K)
 Metaspace       used 75254K, capacity 76065K, committed 76236K, reserved 1118208K
  class space    used 8055K, capacity 8405K, committed 8448K, reserved 1048576K
}
Event: 15.430 GC heap before
{Heap before GC invocations=15 (full 0):
 garbage-first heap   total 168960K, used 128351K [0x0000000091000000, 0x0000000100000000)
  region size 1024K, 55 young (56320K), 8 survivors (8192K)
 Metaspace       used 79274K, capacity 80339K, committed 80588K, reserved 1120256K
  class space    used 8489K, capacity 8919K, committed 8960K, reserved 1048576K
}
Event: 15.460 GC heap after
{Heap after GC invocations=16 (full 0):
 garbage-first heap   total 202752K, used 88001K [0x0000000091000000, 0x0000000100000000)
  region size 1024K, 7 young (7168K), 7 survivors (7168K)
 Metaspace       used 79274K, capacity 80339K, committed 80588K, reserved 1120256K
  class space    used 8489K, capacity 8919K, committed 8960K, reserved 1048576K
}

