# JRE version: OpenJDK Runtime Environment (11.0.12+7) (build 11.0.12+7-b1504.28-7817840)
# Java VM: OpenJDK 64-Bit Server VM (11.0.12+7-b1504.28-7817840, mixed mode, tiered, compressed oops, g1 gc, windows-amd64)
Heap:
 garbage-first heap   total 287744K, used 179952K [0x00000006e0000000, 0x0000000800000000)
  region size 1024K, 57 young (58368K), 9 survivors (9216K)
 Metaspace       used 127743K, capacity 131229K, committed 131912K, reserved 1163264K
  class space    used 16158K, capacity 17474K, committed 17920K, reserved 1048576K
GC Heap History (20 events):
Event: 25.286 GC heap before
{Heap before GC invocations=42 (full 0):
 garbage-first heap   total 199680K, used 153436K [0x00000006e0000000, 0x0000000800000000)
  region size 1024K, 63 young (64512K), 7 survivors (7168K)
 Metaspace       used 97423K, capacity 99681K, committed 100040K, reserved 1136640K
  class space    used 12432K, capacity 13279K, committed 13440K, reserved 1048576K
}
Event: 25.298 GC heap after
{Heap after GC invocations=43 (full 0):
 garbage-first heap   total 199680K, used 99717K [0x00000006e0000000, 0x0000000800000000)
  region size 1024K, 3 young (3072K), 3 survivors (3072K)
 Metaspace       used 97423K, capacity 99681K, committed 100040K, reserved 1136640K
  class space    used 12432K, capacity 13279K, committed 13440K, reserved 1048576K
}
Event: 25.765 GC heap before
{Heap before GC invocations=44 (full 0):
 garbage-first heap   total 199680K, used 157061K [0x00000006e0000000, 0x0000000800000000)
  region size 1024K, 60 young (61440K), 3 survivors (3072K)
 Metaspace       used 97499K, capacity 99752K, committed 100296K, reserved 1136640K
  class space    used 12434K, capacity 13280K, committed 13440K, reserved 1048576K
}
Event: 25.773 GC heap after
{Heap after GC invocations=45 (full 0):
 garbage-first heap   total 199680K, used 102509K [0x00000006e0000000, 0x0000000800000000)
  region size 1024K, 6 young (6144K), 6 survivors (6144K)
 Metaspace       used 97499K, capacity 99752K, committed 100296K, reserved 1136640K
  class space    used 12434K, capacity 13280K, committed 13440K, reserved 1048576K
}
Event: 27.062 GC heap before
{Heap before GC invocations=45 (full 0):
 garbage-first heap   total 199680K, used 158829K [0x00000006e0000000, 0x0000000800000000)
  region size 1024K, 62 young (63488K), 6 survivors (6144K)
 Metaspace       used 102172K, capacity 104803K, committed 105160K, reserved 1140736K
  class space    used 13115K, capacity 14101K, committed 14208K, reserved 1048576K
}
Event: 27.087 GC heap after
{Heap after GC invocations=46 (full 0):
 garbage-first heap   total 239616K, used 107788K [0x00000006e0000000, 0x0000000800000000)
  region size 1024K, 8 young (8192K), 8 survivors (8192K)
 Metaspace       used 102172K, capacity 104803K, committed 105160K, reserved 1140736K
  class space    used 13115K, capacity 14101K, committed 14208K, reserved 1048576K
}
Event: 28.230 GC heap before
{Heap before GC invocations=47 (full 0):
 garbage-first heap   total 239616K, used 179468K [0x00000006e0000000, 0x0000000800000000)
  region size 1024K, 79 young (80896K), 8 survivors (8192K)
 Metaspace       used 110290K, capacity 113788K, committed 114120K, reserved 1146880K
  class space    used 14465K, capacity 15873K, committed 16000K, reserved 1048576K
}
Event: 28.249 GC heap after
{Heap after GC invocations=48 (full 0):
 garbage-first heap   total 239616K, used 113047K [0x00000006e0000000, 0x0000000800000000)
  region size 1024K, 10 young (10240K), 10 survivors (10240K)
 Metaspace       used 110290K, capacity 113788K, committed 114120K, reserved 1146880K
  class space    used 14465K, capacity 15873K, committed 16000K, reserved 1048576K
}
Event: 28.886 GC heap before
{Heap before GC invocations=48 (full 0):
 garbage-first heap   total 239616K, used 184727K [0x00000006e0000000, 0x0000000800000000)
  region size 1024K, 81 young (82944K), 10 survivors (10240K)
 Metaspace       used 112192K, capacity 115864K, committed 115912K, reserved 1148928K
  class space    used 14734K, capacity 16209K, committed 16256K, reserved 1048576K
}
Event: 28.898 GC heap after
{Heap after GC invocations=49 (full 0):
 garbage-first heap   total 239616K, used 114158K [0x00000006e0000000, 0x0000000800000000)
  region size 1024K, 8 young (8192K), 8 survivors (8192K)
 Metaspace       used 112192K, capacity 115864K, committed 115912K, reserved 1148928K
  class space    used 14734K, capacity 16209K, committed 16256K, reserved 1048576K
}
Event: 29.353 GC heap before
{Heap before GC invocations=49 (full 0):
 garbage-first heap   total 239616K, used 186862K [0x00000006e0000000, 0x0000000800000000)
  region size 1024K, 80 young (81920K), 8 survivors (8192K)
 Metaspace       used 112444K, capacity 116089K, committed 116168K, reserved 1148928K
  class space    used 14762K, capacity 16216K, committed 16256K, reserved 1048576K
}
Event: 29.362 GC heap after
{Heap after GC invocations=50 (full 0):
 garbage-first heap   total 239616K, used 113529K [0x00000006e0000000, 0x0000000800000000)
  region size 1024K, 3 young (3072K), 3 survivors (3072K)
 Metaspace       used 112444K, capacity 116089K, committed 116168K, reserved 1148928K
  class space    used 14762K, capacity 16216K, committed 16256K, reserved 1048576K
}
Event: 29.943 GC heap before
{Heap before GC invocations=50 (full 0):
 garbage-first heap   total 239616K, used 194425K [0x00000006e0000000, 0x0000000800000000)
  region size 1024K, 83 young (84992K), 3 survivors (3072K)
 Metaspace       used 112963K, capacity 116693K, committed 116808K, reserved 1150976K
  class space    used 14776K, capacity 16299K, committed 16384K, reserved 1048576K
}
Event: 29.952 GC heap after
{Heap after GC invocations=51 (full 0):
 garbage-first heap   total 287744K, used 114608K [0x00000006e0000000, 0x0000000800000000)
  region size 1024K, 4 young (4096K), 4 survivors (4096K)
 Metaspace       used 112963K, capacity 116693K, committed 116808K, reserved 1150976K
  class space    used 14776K, capacity 16299K, committed 16384K, reserved 1048576K
}
Event: 33.309 GC heap before
{Heap before GC invocations=52 (full 0):
 garbage-first heap   total 287744K, used 217008K [0x00000006e0000000, 0x0000000800000000)
  region size 1024K, 88 young (90112K), 4 survivors (4096K)
 Metaspace       used 115134K, capacity 118216K, committed 120264K, reserved 1153024K
  class space    used 14747K, capacity 15922K, committed 16768K, reserved 1048576K
}
Event: 33.320 GC heap after
{Heap after GC invocations=53 (full 0):
 garbage-first heap   total 287744K, used 135635K [0x00000006e0000000, 0x0000000800000000)
  region size 1024K, 7 young (7168K), 7 survivors (7168K)
 Metaspace       used 115134K, capacity 118216K, committed 120264K, reserved 1153024K
  class space    used 14747K, capacity 15922K, committed 16768K, reserved 1048576K
}
Event: 129.283 GC heap before
{Heap before GC invocations=54 (full 0):
 garbage-first heap   total 287744K, used 240083K [0x00000006e0000000, 0x0000000800000000)
  region size 1024K, 105 young (107520K), 7 survivors (7168K)
 Metaspace       used 119742K, capacity 122905K, committed 124360K, reserved 1157120K
  class space    used 15115K, capacity 16324K, committed 17024K, reserved 1048576K
}
Event: 129.301 GC heap after
{Heap after GC invocations=55 (full 0):
 garbage-first heap   total 287744K, used 124928K [0x00000006e0000000, 0x0000000800000000)
  region size 1024K, 14 young (14336K), 14 survivors (14336K)
 Metaspace       used 119742K, capacity 122905K, committed 124360K, reserved 1157120K
  class space    used 15115K, capacity 16324K, committed 17024K, reserved 1048576K
}
Event: 138.618 GC heap before
{Heap before GC invocations=55 (full 0):
 garbage-first heap   total 287744K, used 232448K [0x00000006e0000000, 0x0000000800000000)
  region size 1024K, 120 young (122880K), 14 survivors (14336K)
 Metaspace       used 122902K, capacity 126342K, committed 127176K, reserved 1159168K
  class space    used 15531K, capacity 16806K, committed 17280K, reserved 1048576K
}
Event: 138.648 GC heap after
{Heap after GC invocations=56 (full 0):
 garbage-first heap   total 287744K, used 132848K [0x00000006e0000000, 0x0000000800000000)
  region size 1024K, 9 young (9216K), 9 survivors (9216K)
 Metaspace       used 122902K, capacity 126342K, committed 127176K, reserved 1159168K
  class space    used 15531K, capacity 16806K, committed 17280K, reserved 1048576K
}

