# JRE version: OpenJDK Runtime Environment (11.0.12+7) (build 11.0.12+7-b1504.28-7817840)
# Java VM: OpenJDK 64-Bit Server VM (11.0.12+7-b1504.28-7817840, mixed mode, tiered, compressed oops, g1 gc, windows-amd64)
Heap:
 garbage-first heap   total 346112K, used 258301K [0x00000006e0000000, 0x0000000800000000)
  region size 1024K, 85 young (87040K), 4 survivors (4096K)
 Metaspace       used 153674K, capacity 158689K, committed 158976K, reserved 1187840K
  class space    used 18723K, capacity 20626K, committed 20736K, reserved 1048576K
GC Heap History (20 events):
Event: 1263.324 GC heap before
{Heap before GC invocations=132 (full 0):
 garbage-first heap   total 346112K, used 168482K [0x00000006e0000000, 0x0000000800000000)
  region size 1024K, 5 young (5120K), 1 survivors (1024K)
 Metaspace       used 153102K, capacity 158132K, committed 158336K, reserved 1187840K
  class space    used 18699K, capacity 20576K, committed 20608K, reserved 1048576K
}
Event: 1263.332 GC heap after
{Heap after GC invocations=133 (full 0):
 garbage-first heap   total 346112K, used 166043K [0x00000006e0000000, 0x0000000800000000)
  region size 1024K, 1 young (1024K), 1 survivors (1024K)
 Metaspace       used 153102K, capacity 158132K, committed 158336K, reserved 1187840K
  class space    used 18699K, capacity 20576K, committed 20608K, reserved 1048576K
}
Event: 1289.263 GC heap before
{Heap before GC invocations=134 (full 0):
 garbage-first heap   total 346112K, used 300187K [0x00000006e0000000, 0x0000000800000000)
  region size 1024K, 111 young (113664K), 1 survivors (1024K)
 Metaspace       used 140592K, capacity 144890K, committed 158336K, reserved 1187840K
  class space    used 17050K, capacity 18645K, committed 20608K, reserved 1048576K
}
Event: 1289.280 GC heap after
{Heap after GC invocations=135 (full 0):
 garbage-first heap   total 346112K, used 171779K [0x00000006e0000000, 0x0000000800000000)
  region size 1024K, 9 young (9216K), 9 survivors (9216K)
 Metaspace       used 140592K, capacity 144890K, committed 158336K, reserved 1187840K
  class space    used 17050K, capacity 18645K, committed 20608K, reserved 1048576K
}
Event: 1289.436 GC heap before
{Heap before GC invocations=135 (full 0):
 garbage-first heap   total 346112K, used 177923K [0x00000006e0000000, 0x0000000800000000)
  region size 1024K, 16 young (16384K), 9 survivors (9216K)
 Metaspace       used 140603K, capacity 144896K, committed 158336K, reserved 1187840K
  class space    used 17050K, capacity 18646K, committed 20608K, reserved 1048576K
}
Event: 1289.456 GC heap after
{Heap after GC invocations=136 (full 0):
 garbage-first heap   total 346112K, used 158332K [0x00000006e0000000, 0x0000000800000000)
  region size 1024K, 2 young (2048K), 2 survivors (2048K)
 Metaspace       used 140603K, capacity 144896K, committed 158336K, reserved 1187840K
  class space    used 17050K, capacity 18646K, committed 20608K, reserved 1048576K
}
Event: 1297.017 GC heap before
{Heap before GC invocations=136 (full 0):
 garbage-first heap   total 346112K, used 200316K [0x00000006e0000000, 0x0000000800000000)
  region size 1024K, 45 young (46080K), 2 survivors (2048K)
 Metaspace       used 140636K, capacity 144897K, committed 158336K, reserved 1187840K
  class space    used 17050K, capacity 18646K, committed 20608K, reserved 1048576K
}
Event: 1297.036 GC heap after
{Heap after GC invocations=137 (full 0):
 garbage-first heap   total 346112K, used 161383K [0x00000006e0000000, 0x0000000800000000)
  region size 1024K, 5 young (5120K), 5 survivors (5120K)
 Metaspace       used 140636K, capacity 144897K, committed 158336K, reserved 1187840K
  class space    used 17050K, capacity 18646K, committed 20608K, reserved 1048576K
}
Event: 1298.983 GC heap before
{Heap before GC invocations=138 (full 0):
 garbage-first heap   total 346112K, used 282215K [0x00000006e0000000, 0x0000000800000000)
  region size 1024K, 120 young (122880K), 5 survivors (5120K)
 Metaspace       used 141382K, capacity 145660K, committed 158336K, reserved 1187840K
  class space    used 17128K, capacity 18751K, committed 20608K, reserved 1048576K
}
Event: 1299.001 GC heap after
{Heap after GC invocations=139 (full 0):
 garbage-first heap   total 346112K, used 179413K [0x00000006e0000000, 0x0000000800000000)
  region size 1024K, 15 young (15360K), 15 survivors (15360K)
 Metaspace       used 141382K, capacity 145660K, committed 158336K, reserved 1187840K
  class space    used 17128K, capacity 18751K, committed 20608K, reserved 1048576K
}
Event: 1299.042 GC heap before
{Heap before GC invocations=139 (full 0):
 garbage-first heap   total 346112K, used 180437K [0x00000006e0000000, 0x0000000800000000)
  region size 1024K, 16 young (16384K), 15 survivors (15360K)
 Metaspace       used 141382K, capacity 145660K, committed 158336K, reserved 1187840K
  class space    used 17128K, capacity 18751K, committed 20608K, reserved 1048576K
}
Event: 1299.062 GC heap after
{Heap after GC invocations=140 (full 0):
 garbage-first heap   total 346112K, used 167731K [0x00000006e0000000, 0x0000000800000000)
  region size 1024K, 2 young (2048K), 2 survivors (2048K)
 Metaspace       used 141382K, capacity 145660K, committed 158336K, reserved 1187840K
  class space    used 17128K, capacity 18751K, committed 20608K, reserved 1048576K
}
Event: 1299.444 GC heap before
{Heap before GC invocations=140 (full 0):
 garbage-first heap   total 346112K, used 183091K [0x00000006e0000000, 0x0000000800000000)
  region size 1024K, 19 young (19456K), 2 survivors (2048K)
 Metaspace       used 142884K, capacity 147279K, committed 158336K, reserved 1187840K
  class space    used 17360K, capacity 18993K, committed 20608K, reserved 1048576K
}
Event: 1299.456 GC heap after
{Heap after GC invocations=141 (full 0):
 garbage-first heap   total 346112K, used 168422K [0x00000006e0000000, 0x0000000800000000)
  region size 1024K, 2 young (2048K), 2 survivors (2048K)
 Metaspace       used 142884K, capacity 147279K, committed 158336K, reserved 1187840K
  class space    used 17360K, capacity 18993K, committed 20608K, reserved 1048576K
}
Event: 1301.583 GC heap before
{Heap before GC invocations=142 (full 0):
 garbage-first heap   total 346112K, used 279014K [0x00000006e0000000, 0x0000000800000000)
  region size 1024K, 112 young (114688K), 2 survivors (2048K)
 Metaspace       used 153424K, capacity 158470K, committed 158720K, reserved 1187840K
  class space    used 18716K, capacity 20618K, committed 20736K, reserved 1048576K
}
Event: 1301.600 GC heap after
{Heap after GC invocations=143 (full 0):
 garbage-first heap   total 346112K, used 172698K [0x00000006e0000000, 0x0000000800000000)
  region size 1024K, 10 young (10240K), 10 survivors (10240K)
 Metaspace       used 153424K, capacity 158470K, committed 158720K, reserved 1187840K
  class space    used 18716K, capacity 20618K, committed 20736K, reserved 1048576K
}
Event: 1301.635 GC heap before
{Heap before GC invocations=143 (full 0):
 garbage-first heap   total 346112K, used 178842K [0x00000006e0000000, 0x0000000800000000)
  region size 1024K, 16 young (16384K), 10 survivors (10240K)
 Metaspace       used 153472K, capacity 158545K, committed 158720K, reserved 1187840K
  class space    used 18721K, capacity 20622K, committed 20736K, reserved 1048576K
}
Event: 1301.648 GC heap after
{Heap after GC invocations=144 (full 0):
 garbage-first heap   total 346112K, used 172590K [0x00000006e0000000, 0x0000000800000000)
  region size 1024K, 2 young (2048K), 2 survivors (2048K)
 Metaspace       used 153472K, capacity 158545K, committed 158720K, reserved 1187840K
  class space    used 18721K, capacity 20622K, committed 20736K, reserved 1048576K
}
Event: 1302.400 GC heap before
{Heap before GC invocations=144 (full 0):
 garbage-first heap   total 346112K, used 209454K [0x00000006e0000000, 0x0000000800000000)
  region size 1024K, 40 young (40960K), 2 survivors (2048K)
 Metaspace       used 153628K, capacity 158687K, committed 158976K, reserved 1187840K
  class space    used 18723K, capacity 20626K, committed 20736K, reserved 1048576K
}
Event: 1302.409 GC heap after
{Heap after GC invocations=145 (full 0):
 garbage-first heap   total 346112K, used 175357K [0x00000006e0000000, 0x0000000800000000)
  region size 1024K, 4 young (4096K), 4 survivors (4096K)
 Metaspace       used 153628K, capacity 158687K, committed 158976K, reserved 1187840K
  class space    used 18723K, capacity 20626K, committed 20736K, reserved 1048576K
}

