# JRE version: OpenJDK Runtime Environment (11.0.12+7) (build 11.0.12+7-b1504.28-7817840)
# Java VM: OpenJDK 64-Bit Server VM (11.0.12+7-b1504.28-7817840, mixed mode, tiered, compressed oops, g1 gc, windows-amd64)
Heap:
 garbage-first heap   total 346112K, used 267963K [0x00000006e0000000, 0x0000000800000000)
  region size 1024K, 62 young (63488K), 1 survivors (1024K)
 Metaspace       used 145314K, capacity 150369K, committed 165796K, reserved 1191936K
  class space    used 17567K, capacity 19388K, committed 23080K, reserved 1048576K
GC Heap History (20 events):
Event: 1659.571 GC heap before
{Heap before GC invocations=180 (full 0):
 garbage-first heap   total 346112K, used 282191K [0x00000006e0000000, 0x0000000800000000)
  region size 1024K, 113 young (115712K), 7 survivors (7168K)
 Metaspace       used 157702K, capacity 163463K, committed 165540K, reserved 1191936K
  class space    used 19225K, capacity 21347K, committed 23080K, reserved 1048576K
}
Event: 1659.585 GC heap after
{Heap after GC invocations=181 (full 0):
 garbage-first heap   total 346112K, used 170963K [0x00000006e0000000, 0x0000000800000000)
  region size 1024K, 3 young (3072K), 3 survivors (3072K)
 Metaspace       used 157702K, capacity 163463K, committed 165540K, reserved 1191936K
  class space    used 19225K, capacity 21347K, committed 23080K, reserved 1048576K
}
Event: 1663.190 GC heap before
{Heap before GC invocations=182 (full 0):
 garbage-first heap   total 346112K, used 280531K [0x00000006e0000000, 0x0000000800000000)
  region size 1024K, 116 young (118784K), 3 survivors (3072K)
 Metaspace       used 144895K, capacity 149810K, committed 165540K, reserved 1191936K
  class space    used 17554K, capacity 19367K, committed 23080K, reserved 1048576K
}
Event: 1663.205 GC heap after
{Heap after GC invocations=183 (full 0):
 garbage-first heap   total 346112K, used 173760K [0x00000006e0000000, 0x0000000800000000)
  region size 1024K, 11 young (11264K), 11 survivors (11264K)
 Metaspace       used 144895K, capacity 149810K, committed 165540K, reserved 1191936K
  class space    used 17554K, capacity 19367K, committed 23080K, reserved 1048576K
}
Event: 1668.901 GC heap before
{Heap before GC invocations=183 (full 0):
 garbage-first heap   total 346112K, used 178880K [0x00000006e0000000, 0x0000000800000000)
  region size 1024K, 16 young (16384K), 11 survivors (11264K)
 Metaspace       used 144896K, capacity 149810K, committed 165540K, reserved 1191936K
  class space    used 17554K, capacity 19367K, committed 23080K, reserved 1048576K
}
Event: 1668.921 GC heap after
{Heap after GC invocations=184 (full 0):
 garbage-first heap   total 346112K, used 148896K [0x00000006e0000000, 0x0000000800000000)
  region size 1024K, 2 young (2048K), 2 survivors (2048K)
 Metaspace       used 144896K, capacity 149810K, committed 165540K, reserved 1191936K
  class space    used 17554K, capacity 19367K, committed 23080K, reserved 1048576K
}
Event: 1670.707 GC heap before
{Heap before GC invocations=184 (full 0):
 garbage-first heap   total 346112K, used 282016K [0x00000006e0000000, 0x0000000800000000)
  region size 1024K, 129 young (132096K), 2 survivors (2048K)
 Metaspace       used 145713K, capacity 150772K, committed 165540K, reserved 1191936K
  class space    used 17642K, capacity 19489K, committed 23080K, reserved 1048576K
}
Event: 1670.724 GC heap after
{Heap after GC invocations=185 (full 0):
 garbage-first heap   total 346112K, used 162647K [0x00000006e0000000, 0x0000000800000000)
  region size 1024K, 12 young (12288K), 12 survivors (12288K)
 Metaspace       used 145713K, capacity 150772K, committed 165540K, reserved 1191936K
  class space    used 17642K, capacity 19489K, committed 23080K, reserved 1048576K
}
Event: 1671.605 GC heap before
{Heap before GC invocations=185 (full 0):
 garbage-first heap   total 346112K, used 202583K [0x00000006e0000000, 0x0000000800000000)
  region size 1024K, 52 young (53248K), 12 survivors (12288K)
 Metaspace       used 147223K, capacity 152455K, committed 165540K, reserved 1191936K
  class space    used 17874K, capacity 19731K, committed 23080K, reserved 1048576K
}
Event: 1671.657 GC heap after
{Heap after GC invocations=186 (full 0):
 garbage-first heap   total 346112K, used 168373K [0x00000006e0000000, 0x0000000800000000)
  region size 1024K, 10 young (10240K), 10 survivors (10240K)
 Metaspace       used 147223K, capacity 152455K, committed 165540K, reserved 1191936K
  class space    used 17874K, capacity 19731K, committed 23080K, reserved 1048576K
}
Event: 1673.821 GC heap before
{Heap before GC invocations=187 (full 0):
 garbage-first heap   total 346112K, used 283061K [0x00000006e0000000, 0x0000000800000000)
  region size 1024K, 121 young (123904K), 10 survivors (10240K)
 Metaspace       used 157773K, capacity 163645K, committed 165540K, reserved 1191936K
  class space    used 19233K, capacity 21356K, committed 23080K, reserved 1048576K
}
Event: 1673.838 GC heap after
{Heap after GC invocations=188 (full 0):
 garbage-first heap   total 346112K, used 176158K [0x00000006e0000000, 0x0000000800000000)
  region size 1024K, 9 young (9216K), 9 survivors (9216K)
 Metaspace       used 157773K, capacity 163645K, committed 165540K, reserved 1191936K
  class space    used 19233K, capacity 21356K, committed 23080K, reserved 1048576K
}
Event: 1673.884 GC heap before
{Heap before GC invocations=188 (full 0):
 garbage-first heap   total 346112K, used 183326K [0x00000006e0000000, 0x0000000800000000)
  region size 1024K, 16 young (16384K), 9 survivors (9216K)
 Metaspace       used 157835K, capacity 163720K, committed 165540K, reserved 1191936K
  class space    used 19237K, capacity 21360K, committed 23080K, reserved 1048576K
}
Event: 1673.898 GC heap after
{Heap after GC invocations=189 (full 0):
 garbage-first heap   total 346112K, used 176309K [0x00000006e0000000, 0x0000000800000000)
  region size 1024K, 2 young (2048K), 2 survivors (2048K)
 Metaspace       used 157835K, capacity 163720K, committed 165540K, reserved 1191936K
  class space    used 19237K, capacity 21360K, committed 23080K, reserved 1048576K
}
Event: 1675.925 GC heap before
{Heap before GC invocations=189 (full 0):
 garbage-first heap   total 346112K, used 285877K [0x00000006e0000000, 0x0000000800000000)
  region size 1024K, 108 young (110592K), 2 survivors (2048K)
 Metaspace       used 157993K, capacity 163869K, committed 165796K, reserved 1191936K
  class space    used 19239K, capacity 21364K, committed 23080K, reserved 1048576K
}
Event: 1675.940 GC heap after
{Heap after GC invocations=190 (full 0):
 garbage-first heap   total 346112K, used 185771K [0x00000006e0000000, 0x0000000800000000)
  region size 1024K, 9 young (9216K), 9 survivors (9216K)
 Metaspace       used 157993K, capacity 163869K, committed 165796K, reserved 1191936K
  class space    used 19239K, capacity 21364K, committed 23080K, reserved 1048576K
}
Event: 1676.277 GC heap before
{Heap before GC invocations=190 (full 0):
 garbage-first heap   total 346112K, used 285099K [0x00000006e0000000, 0x0000000800000000)
  region size 1024K, 107 young (109568K), 9 survivors (9216K)
 Metaspace       used 158015K, capacity 163873K, committed 165796K, reserved 1191936K
  class space    used 19239K, capacity 21364K, committed 23080K, reserved 1048576K
}
Event: 1676.285 GC heap after
{Heap after GC invocations=191 (full 0):
 garbage-first heap   total 346112K, used 184786K [0x00000006e0000000, 0x0000000800000000)
  region size 1024K, 2 young (2048K), 2 survivors (2048K)
 Metaspace       used 158015K, capacity 163873K, committed 165796K, reserved 1191936K
  class space    used 19239K, capacity 21364K, committed 23080K, reserved 1048576K
}
Event: 1677.186 GC heap before
{Heap before GC invocations=191 (full 0):
 garbage-first heap   total 346112K, used 213458K [0x00000006e0000000, 0x0000000800000000)
  region size 1024K, 32 young (32768K), 2 survivors (2048K)
 Metaspace       used 158050K, capacity 163956K, committed 165796K, reserved 1191936K
  class space    used 19241K, capacity 21367K, committed 23080K, reserved 1048576K
}
Event: 1677.192 GC heap after
{Heap after GC invocations=192 (full 0):
 garbage-first heap   total 346112K, used 183995K [0x00000006e0000000, 0x0000000800000000)
  region size 1024K, 1 young (1024K), 1 survivors (1024K)
 Metaspace       used 158050K, capacity 163956K, committed 165796K, reserved 1191936K
  class space    used 19241K, capacity 21367K, committed 23080K, reserved 1048576K
}

